Flutter crash report.
Please report a bug at https://github.com/flutter/flutter/issues.

## command

flutter debug_adapter

## exception

FileSystemException: FileSystemException: writeFrom failed, path = '' (OS Error: The pipe is being closed.
, errno = 232)

```
#0      _checkForErrorResponse (dart:io/common.dart:58:9)
#1      _RandomAccessFile.writeFrom.<anonymous closure> (dart:io/file_impl.dart:1001:7)
#2      _rootRunUnary (dart:async/zone.dart:1538:47)
#3      _CustomZone.runUnary (dart:async/zone.dart:1429:19)
<asynchronous suspension>
#4      _FileStreamConsumer.addStream.<anonymous closure>.<anonymous closure>.<anonymous closure> (dart:io/file_impl.dart:237:27)
<asynchronous suspension>
```

## flutter doctor

```
[✓] Flutter (Channel stable, 3.35.3, on Microsoft Windows [Version 10.0.26200.8037], locale en-US) [1,554ms]
    • Flutter version 3.35.3 on channel stable at C:\flutter
    • Upstream repository https://github.com/flutter/flutter.git
    • Framework revision a402d9a437 (7 months ago), 2025-09-03 14:54:31 -0700
    • Engine revision ddf47dd3ff
    • Dart version 3.9.2
    • DevTools version 2.48.0
    • Feature flags: enable-web, enable-linux-desktop, enable-macos-desktop, enable-windows-desktop, enable-android, enable-ios, cli-animations, enable-lldb-debugging

[✓] Windows Version (11 Pro 64-bit, 25H2, 2009) [20.1s]

[✓] Android toolchain - develop for Android devices (Android SDK version 36.1.0) [58.1s]
    • Android SDK at D:\AweitFlixOfficial
    • Emulator version 36.1.9.0 (build_id 13823996) (CL:N/A)
    • Platform android-36, build-tools 36.1.0
    • Java binary at: C:\Program Files\Android\Android Studio1\jbr\bin\java
      This is the JDK bundled with the latest Android Studio installation on this machine.
      To manually set the JDK path, use: `flutter config --jdk-dir="path/to/jdk"`.
    • Java version OpenJDK Runtime Environment (build 17.0.9+0--11185874)
    • All Android licenses accepted.

[✓] Chrome - develop for the web [167ms]
    • Chrome at C:\Program Files\Google\Chrome\Application\chrome.exe

[✗] Visual Studio - develop Windows apps [147ms]
    ✗ Visual Studio not installed; this is necessary to develop Windows apps.
      Download at https://visualstudio.microsoft.com/downloads/.
      Please install the "Desktop development with C++" workload, including all of its default components

[✓] Android Studio (version 2023.2) [117ms]
    • Android Studio at C:\Program Files\Android\Android Studio1
    • Flutter plugin can be installed from:
      🔨 https://plugins.jetbrains.com/plugin/9212-flutter
    • Dart plugin can be installed from:
      🔨 https://plugins.jetbrains.com/plugin/6351-dart
    • Java version OpenJDK Runtime Environment (build 17.0.9+0--11185874)

[✓] VS Code (version unknown) [92ms]
    • VS Code at C:\Users\User Mike\AppData\Local\Programs\Microsoft VS Code
    • Flutter extension version 3.131.20260303
    ✗ Unable to determine VS Code version.

[✓] Connected device (3 available) [2.3s]
    • Windows (desktop) • windows • windows-x64    • Microsoft Windows [Version 10.0.26200.8037]
    • Chrome (web)      • chrome  • web-javascript • Google Chrome 146.0.7680.165
    • Edge (web)        • edge    • web-javascript • Microsoft Edge 146.0.3856.78
    ! Device 192.168.170.101:5555 is offline.

[!] Network resources [959ms]
    ✗ A network error occurred while checking "https://pub.dev/": Failed host lookup: 'pub.dev'
    ✗ A network error occurred while checking "https://storage.googleapis.com/": Failed host lookup: 'storage.googleapis.com'
    ✗ A network error occurred while checking "https://maven.google.com/": Failed host lookup: 'maven.google.com'
    ✗ A network error occurred while checking "https://cocoapods.org/": Failed host lookup: 'cocoapods.org'
    ✗ A network error occurred while checking "https://github.com/": Failed host lookup: 'github.com'

! Doctor found issues in 2 categories.
```
